0 info it worked if it ends with ok
1 verbose cli [ '/usr/local/bin/node', '/usr/local/bin/npm', 'install' ]
2 info using npm@2.11.3
3 info using node@v0.12.7
4 verbose node symlink /usr/local/bin/node
5 verbose readDependencies loading dependencies from /Users/cbarendsen/nomas/marvel/marvel-prototype/application/package.json
6 verbose install where, deps [ '/Users/cbarendsen/nomas/marvel/marvel-prototype/application',
6 verbose install   [ 'grunt',
6 verbose install     'grunt-autoprefixer',
6 verbose install     'grunt-bower-requirejs',
6 verbose install     'grunt-concurrent',
6 verbose install     'grunt-contrib-clean',
6 verbose install     'grunt-contrib-compass',
6 verbose install     'grunt-contrib-concat',
6 verbose install     'grunt-contrib-connect',
6 verbose install     'grunt-contrib-copy',
6 verbose install     'grunt-contrib-cssmin',
6 verbose install     'grunt-contrib-htmlmin',
6 verbose install     'grunt-contrib-imagemin',
6 verbose install     'grunt-contrib-jshint',
6 verbose install     'grunt-contrib-uglify',
6 verbose install     'grunt-contrib-watch',
6 verbose install     'grunt-filerev',
6 verbose install     'grunt-google-cdn',
6 verbose install     'grunt-karma',
6 verbose install     'grunt-newer',
6 verbose install     'grunt-ng-annotate',
6 verbose install     'grunt-requirejs',
6 verbose install     'grunt-svgmin',
6 verbose install     'grunt-text-replace',
6 verbose install     'grunt-usemin',
6 verbose install     'grunt-wiredep',
6 verbose install     'jshint-stylish',
6 verbose install     'load-grunt-tasks',
6 verbose install     'time-grunt' ] ]
7 verbose install where, peers [ '/Users/cbarendsen/nomas/marvel/marvel-prototype/application',
7 verbose install   [] ]
8 verbose installManyTop reading for lifecycle /Users/cbarendsen/nomas/marvel/marvel-prototype/application/package.json
9 info preinstall app@
10 verbose installManyTop reading scoped package data from /Users/cbarendsen/nomas/marvel/marvel-prototype/application/node_modules/bower/package.json
11 verbose installManyTop reading scoped package data from /Users/cbarendsen/nomas/marvel/marvel-prototype/application/node_modules/grunt/package.json
12 verbose installManyTop reading scoped package data from /Users/cbarendsen/nomas/marvel/marvel-prototype/application/node_modules/grunt-autoprefixer/package.json
13 verbose installManyTop reading scoped package data from /Users/cbarendsen/nomas/marvel/marvel-prototype/application/node_modules/grunt-bower-requirejs/package.json
14 verbose installManyTop reading scoped package data from /Users/cbarendsen/nomas/marvel/marvel-prototype/application/node_modules/grunt-concurrent/package.json
15 verbose installManyTop reading scoped package data from /Users/cbarendsen/nomas/marvel/marvel-prototype/application/node_modules/grunt-contrib-clean/package.json
16 verbose installManyTop reading scoped package data from /Users/cbarendsen/nomas/marvel/marvel-prototype/application/node_modules/grunt-contrib-compass/package.json
17 verbose installManyTop reading scoped package data from /Users/cbarendsen/nomas/marvel/marvel-prototype/application/node_modules/grunt-contrib-concat/package.json
18 verbose installManyTop reading scoped package data from /Users/cbarendsen/nomas/marvel/marvel-prototype/application/node_modules/grunt-contrib-connect/package.json
19 verbose installManyTop reading scoped package data from /Users/cbarendsen/nomas/marvel/marvel-prototype/application/node_modules/grunt-contrib-copy/package.json
20 verbose installManyTop reading scoped package data from /Users/cbarendsen/nomas/marvel/marvel-prototype/application/node_modules/grunt-contrib-cssmin/package.json
21 verbose installManyTop reading scoped package data from /Users/cbarendsen/nomas/marvel/marvel-prototype/application/node_modules/grunt-contrib-htmlmin/package.json
22 verbose installManyTop reading scoped package data from /Users/cbarendsen/nomas/marvel/marvel-prototype/application/node_modules/grunt-contrib-imagemin/package.json
23 verbose installManyTop reading scoped package data from /Users/cbarendsen/nomas/marvel/marvel-prototype/application/node_modules/grunt-contrib-jshint/package.json
24 verbose installManyTop reading scoped package data from /Users/cbarendsen/nomas/marvel/marvel-prototype/application/node_modules/grunt-contrib-uglify/package.json
25 verbose installManyTop reading scoped package data from /Users/cbarendsen/nomas/marvel/marvel-prototype/application/node_modules/grunt-contrib-watch/package.json
26 verbose installManyTop reading scoped package data from /Users/cbarendsen/nomas/marvel/marvel-prototype/application/node_modules/grunt-filerev/package.json
27 verbose installManyTop reading scoped package data from /Users/cbarendsen/nomas/marvel/marvel-prototype/application/node_modules/grunt-google-cdn/package.json
28 verbose installManyTop reading scoped package data from /Users/cbarendsen/nomas/marvel/marvel-prototype/application/node_modules/grunt-karma/package.json
29 verbose installManyTop reading scoped package data from /Users/cbarendsen/nomas/marvel/marvel-prototype/application/node_modules/grunt-newer/package.json
30 verbose installManyTop reading scoped package data from /Users/cbarendsen/nomas/marvel/marvel-prototype/application/node_modules/grunt-ng-annotate/package.json
31 verbose installManyTop reading scoped package data from /Users/cbarendsen/nomas/marvel/marvel-prototype/application/node_modules/grunt-requirejs/package.json
32 verbose installManyTop reading scoped package data from /Users/cbarendsen/nomas/marvel/marvel-prototype/application/node_modules/grunt-svgmin/package.json
33 verbose installManyTop reading scoped package data from /Users/cbarendsen/nomas/marvel/marvel-prototype/application/node_modules/grunt-text-replace/package.json
34 verbose installManyTop reading scoped package data from /Users/cbarendsen/nomas/marvel/marvel-prototype/application/node_modules/grunt-usemin/package.json
35 verbose installManyTop reading scoped package data from /Users/cbarendsen/nomas/marvel/marvel-prototype/application/node_modules/grunt-wiredep/package.json
36 verbose installManyTop reading scoped package data from /Users/cbarendsen/nomas/marvel/marvel-prototype/application/node_modules/jasmine-core/package.json
37 verbose installManyTop reading scoped package data from /Users/cbarendsen/nomas/marvel/marvel-prototype/application/node_modules/jshint-stylish/package.json
38 verbose installManyTop reading scoped package data from /Users/cbarendsen/nomas/marvel/marvel-prototype/application/node_modules/karma/package.json
39 verbose installManyTop reading scoped package data from /Users/cbarendsen/nomas/marvel/marvel-prototype/application/node_modules/karma-jasmine/package.json
40 verbose installManyTop reading scoped package data from /Users/cbarendsen/nomas/marvel/marvel-prototype/application/node_modules/karma-ng-html2js-preprocessor/package.json
41 verbose installManyTop reading scoped package data from /Users/cbarendsen/nomas/marvel/marvel-prototype/application/node_modules/karma-ng-scenario/package.json
42 verbose installManyTop reading scoped package data from /Users/cbarendsen/nomas/marvel/marvel-prototype/application/node_modules/karma-phantomjs-launcher/package.json
43 verbose installManyTop reading scoped package data from /Users/cbarendsen/nomas/marvel/marvel-prototype/application/node_modules/karma-requirejs/package.json
44 verbose installManyTop reading scoped package data from /Users/cbarendsen/nomas/marvel/marvel-prototype/application/node_modules/load-grunt-tasks/package.json
45 verbose installManyTop reading scoped package data from /Users/cbarendsen/nomas/marvel/marvel-prototype/application/node_modules/phantomjs/package.json
46 verbose installManyTop reading scoped package data from /Users/cbarendsen/nomas/marvel/marvel-prototype/application/node_modules/requirejs/package.json
47 verbose installManyTop reading scoped package data from /Users/cbarendsen/nomas/marvel/marvel-prototype/application/node_modules/time-grunt/package.json
48 verbose readDependencies loading dependencies from /Users/cbarendsen/nomas/marvel/marvel-prototype/application/package.json
49 verbose targetResolver reading package data from /Users/cbarendsen/nomas/marvel/marvel-prototype/application/node_modules/bower/package.json
50 verbose targetResolver reading package data from /Users/cbarendsen/nomas/marvel/marvel-prototype/application/node_modules/grunt/package.json
51 verbose targetResolver reading package data from /Users/cbarendsen/nomas/marvel/marvel-prototype/application/node_modules/grunt-autoprefixer/package.json
52 verbose targetResolver reading package data from /Users/cbarendsen/nomas/marvel/marvel-prototype/application/node_modules/grunt-bower-requirejs/package.json
53 verbose targetResolver reading package data from /Users/cbarendsen/nomas/marvel/marvel-prototype/application/node_modules/grunt-concurrent/package.json
54 verbose targetResolver reading package data from /Users/cbarendsen/nomas/marvel/marvel-prototype/application/node_modules/grunt-contrib-clean/package.json
55 verbose targetResolver reading package data from /Users/cbarendsen/nomas/marvel/marvel-prototype/application/node_modules/grunt-contrib-compass/package.json
56 verbose targetResolver reading package data from /Users/cbarendsen/nomas/marvel/marvel-prototype/application/node_modules/grunt-contrib-concat/package.json
57 verbose targetResolver reading package data from /Users/cbarendsen/nomas/marvel/marvel-prototype/application/node_modules/grunt-contrib-connect/package.json
58 verbose targetResolver reading package data from /Users/cbarendsen/nomas/marvel/marvel-prototype/application/node_modules/grunt-contrib-copy/package.json
59 verbose targetResolver reading package data from /Users/cbarendsen/nomas/marvel/marvel-prototype/application/node_modules/grunt-contrib-cssmin/package.json
60 verbose targetResolver reading package data from /Users/cbarendsen/nomas/marvel/marvel-prototype/application/node_modules/grunt-contrib-htmlmin/package.json
61 verbose targetResolver reading package data from /Users/cbarendsen/nomas/marvel/marvel-prototype/application/node_modules/grunt-contrib-imagemin/package.json
62 verbose targetResolver reading package data from /Users/cbarendsen/nomas/marvel/marvel-prototype/application/node_modules/grunt-contrib-jshint/package.json
63 verbose targetResolver reading package data from /Users/cbarendsen/nomas/marvel/marvel-prototype/application/node_modules/grunt-contrib-uglify/package.json
64 verbose targetResolver reading package data from /Users/cbarendsen/nomas/marvel/marvel-prototype/application/node_modules/grunt-contrib-watch/package.json
65 verbose targetResolver reading package data from /Users/cbarendsen/nomas/marvel/marvel-prototype/application/node_modules/grunt-filerev/package.json
66 verbose targetResolver reading package data from /Users/cbarendsen/nomas/marvel/marvel-prototype/application/node_modules/grunt-google-cdn/package.json
67 verbose targetResolver reading package data from /Users/cbarendsen/nomas/marvel/marvel-prototype/application/node_modules/grunt-karma/package.json
68 verbose targetResolver reading package data from /Users/cbarendsen/nomas/marvel/marvel-prototype/application/node_modules/grunt-newer/package.json
69 verbose targetResolver reading package data from /Users/cbarendsen/nomas/marvel/marvel-prototype/application/node_modules/grunt-ng-annotate/package.json
70 verbose targetResolver reading package data from /Users/cbarendsen/nomas/marvel/marvel-prototype/application/node_modules/grunt-requirejs/package.json
71 verbose targetResolver reading package data from /Users/cbarendsen/nomas/marvel/marvel-prototype/application/node_modules/grunt-svgmin/package.json
72 verbose targetResolver reading package data from /Users/cbarendsen/nomas/marvel/marvel-prototype/application/node_modules/grunt-text-replace/package.json
73 verbose targetResolver reading package data from /Users/cbarendsen/nomas/marvel/marvel-prototype/application/node_modules/grunt-usemin/package.json
74 verbose targetResolver reading package data from /Users/cbarendsen/nomas/marvel/marvel-prototype/application/node_modules/grunt-wiredep/package.json
75 verbose targetResolver reading package data from /Users/cbarendsen/nomas/marvel/marvel-prototype/application/node_modules/jasmine-core/package.json
76 verbose targetResolver reading package data from /Users/cbarendsen/nomas/marvel/marvel-prototype/application/node_modules/jshint-stylish/package.json
77 verbose targetResolver reading package data from /Users/cbarendsen/nomas/marvel/marvel-prototype/application/node_modules/karma/package.json
78 verbose targetResolver reading package data from /Users/cbarendsen/nomas/marvel/marvel-prototype/application/node_modules/karma-jasmine/package.json
79 verbose targetResolver reading package data from /Users/cbarendsen/nomas/marvel/marvel-prototype/application/node_modules/karma-ng-html2js-preprocessor/package.json
80 verbose targetResolver reading package data from /Users/cbarendsen/nomas/marvel/marvel-prototype/application/node_modules/karma-ng-scenario/package.json
81 verbose targetResolver reading package data from /Users/cbarendsen/nomas/marvel/marvel-prototype/application/node_modules/karma-phantomjs-launcher/package.json
82 verbose targetResolver reading package data from /Users/cbarendsen/nomas/marvel/marvel-prototype/application/node_modules/karma-requirejs/package.json
83 verbose targetResolver reading package data from /Users/cbarendsen/nomas/marvel/marvel-prototype/application/node_modules/load-grunt-tasks/package.json
84 verbose targetResolver reading package data from /Users/cbarendsen/nomas/marvel/marvel-prototype/application/node_modules/phantomjs/package.json
85 verbose targetResolver reading package data from /Users/cbarendsen/nomas/marvel/marvel-prototype/application/node_modules/requirejs/package.json
86 verbose targetResolver reading package data from /Users/cbarendsen/nomas/marvel/marvel-prototype/application/node_modules/time-grunt/package.json
87 verbose targetResolver reading package data from /Users/cbarendsen/nomas/marvel/marvel-prototype/application/node_modules/.bin/bower/package.json
88 verbose targetResolver reading package data from /Users/cbarendsen/nomas/marvel/marvel-prototype/application/node_modules/.bin/karma/package.json
89 verbose targetResolver reading package data from /Users/cbarendsen/nomas/marvel/marvel-prototype/application/node_modules/.bin/phantomjs/package.json
90 verbose targetResolver reading package data from /Users/cbarendsen/nomas/marvel/marvel-prototype/application/node_modules/.bin/r.js/package.json
91 verbose already installed skipping jshint-stylish@^1.0.0 /Users/cbarendsen/nomas/marvel/marvel-prototype/application
92 verbose already installed skipping load-grunt-tasks@^3.1.0 /Users/cbarendsen/nomas/marvel/marvel-prototype/application
93 verbose already installed skipping time-grunt@^1.0.0 /Users/cbarendsen/nomas/marvel/marvel-prototype/application
94 verbose already installed skipping grunt@^0.4.5 /Users/cbarendsen/nomas/marvel/marvel-prototype/application
95 verbose already installed skipping grunt-autoprefixer@^2.0.0 /Users/cbarendsen/nomas/marvel/marvel-prototype/application
96 verbose already installed skipping grunt-bower-requirejs@^2.0.0 /Users/cbarendsen/nomas/marvel/marvel-prototype/application
97 verbose already installed skipping grunt-concurrent@^1.0.0 /Users/cbarendsen/nomas/marvel/marvel-prototype/application
98 verbose already installed skipping grunt-contrib-clean@^0.6.0 /Users/cbarendsen/nomas/marvel/marvel-prototype/application
99 verbose already installed skipping grunt-contrib-compass@^1.0.0 /Users/cbarendsen/nomas/marvel/marvel-prototype/application
100 verbose already installed skipping grunt-contrib-concat@^0.5.0 /Users/cbarendsen/nomas/marvel/marvel-prototype/application
101 verbose already installed skipping grunt-contrib-connect@^0.9.0 /Users/cbarendsen/nomas/marvel/marvel-prototype/application
102 verbose already installed skipping grunt-contrib-copy@^0.7.0 /Users/cbarendsen/nomas/marvel/marvel-prototype/application
103 verbose already installed skipping grunt-contrib-cssmin@^0.12.0 /Users/cbarendsen/nomas/marvel/marvel-prototype/application
104 verbose already installed skipping grunt-contrib-htmlmin@^0.4.0 /Users/cbarendsen/nomas/marvel/marvel-prototype/application
105 verbose already installed skipping grunt-contrib-imagemin@^0.9.2 /Users/cbarendsen/nomas/marvel/marvel-prototype/application
106 verbose already installed skipping grunt-contrib-jshint@^0.11.0 /Users/cbarendsen/nomas/marvel/marvel-prototype/application
107 verbose already installed skipping grunt-contrib-uglify@^0.7.0 /Users/cbarendsen/nomas/marvel/marvel-prototype/application
108 verbose already installed skipping grunt-contrib-watch@^0.6.1 /Users/cbarendsen/nomas/marvel/marvel-prototype/application
109 verbose already installed skipping grunt-filerev@^2.1.2 /Users/cbarendsen/nomas/marvel/marvel-prototype/application
110 verbose already installed skipping grunt-google-cdn@^0.4.3 /Users/cbarendsen/nomas/marvel/marvel-prototype/application
111 verbose already installed skipping grunt-karma@^0.10.1 /Users/cbarendsen/nomas/marvel/marvel-prototype/application
112 verbose already installed skipping grunt-newer@^1.1.0 /Users/cbarendsen/nomas/marvel/marvel-prototype/application
113 verbose already installed skipping grunt-ng-annotate@^0.9.2 /Users/cbarendsen/nomas/marvel/marvel-prototype/application
114 verbose already installed skipping grunt-requirejs@^0.4.2 /Users/cbarendsen/nomas/marvel/marvel-prototype/application
115 verbose already installed skipping grunt-svgmin@^2.0.0 /Users/cbarendsen/nomas/marvel/marvel-prototype/application
116 verbose already installed skipping grunt-text-replace@^0.4.0 /Users/cbarendsen/nomas/marvel/marvel-prototype/application
117 verbose already installed skipping grunt-usemin@^3.0.0 /Users/cbarendsen/nomas/marvel/marvel-prototype/application
118 verbose already installed skipping grunt-wiredep@^2.0.0 /Users/cbarendsen/nomas/marvel/marvel-prototype/application
119 silly install resolved []
120 info build /Users/cbarendsen/nomas/marvel/marvel-prototype/application
121 info linkStuff app@
122 silly linkStuff app@ has /Users/cbarendsen/nomas/marvel/marvel-prototype as its parent node_modules
123 verbose linkBins app@
124 verbose linkMans app@
125 verbose rebuildBundles app@
126 verbose rebuildBundles [ '.bin',
126 verbose rebuildBundles   'bower',
126 verbose rebuildBundles   'grunt',
126 verbose rebuildBundles   'grunt-autoprefixer',
126 verbose rebuildBundles   'grunt-bower-requirejs',
126 verbose rebuildBundles   'grunt-concurrent',
126 verbose rebuildBundles   'grunt-contrib-clean',
126 verbose rebuildBundles   'grunt-contrib-compass',
126 verbose rebuildBundles   'grunt-contrib-concat',
126 verbose rebuildBundles   'grunt-contrib-connect',
126 verbose rebuildBundles   'grunt-contrib-copy',
126 verbose rebuildBundles   'grunt-contrib-cssmin',
126 verbose rebuildBundles   'grunt-contrib-htmlmin',
126 verbose rebuildBundles   'grunt-contrib-imagemin',
126 verbose rebuildBundles   'grunt-contrib-jshint',
126 verbose rebuildBundles   'grunt-contrib-uglify',
126 verbose rebuildBundles   'grunt-contrib-watch',
126 verbose rebuildBundles   'grunt-filerev',
126 verbose rebuildBundles   'grunt-google-cdn',
126 verbose rebuildBundles   'grunt-karma',
126 verbose rebuildBundles   'grunt-newer',
126 verbose rebuildBundles   'grunt-ng-annotate',
126 verbose rebuildBundles   'grunt-requirejs',
126 verbose rebuildBundles   'grunt-svgmin',
126 verbose rebuildBundles   'grunt-text-replace',
126 verbose rebuildBundles   'grunt-usemin',
126 verbose rebuildBundles   'grunt-wiredep',
126 verbose rebuildBundles   'jasmine-core',
126 verbose rebuildBundles   'jshint-stylish',
126 verbose rebuildBundles   'karma',
126 verbose rebuildBundles   'karma-jasmine',
126 verbose rebuildBundles   'karma-ng-html2js-preprocessor',
126 verbose rebuildBundles   'karma-ng-scenario',
126 verbose rebuildBundles   'karma-phantomjs-launcher',
126 verbose rebuildBundles   'karma-requirejs',
126 verbose rebuildBundles   'load-grunt-tasks',
126 verbose rebuildBundles   'phantomjs',
126 verbose rebuildBundles   'requirejs',
126 verbose rebuildBundles   'time-grunt' ]
127 verbose rebuild bundle /Users/cbarendsen/nomas/marvel/marvel-prototype/application/node_modules/bower
128 info build /Users/cbarendsen/nomas/marvel/marvel-prototype/application/node_modules/bower
129 info preinstall bower@1.4.1
130 info linkStuff bower@1.4.1
131 silly linkStuff bower@1.4.1 has /Users/cbarendsen/nomas/marvel/marvel-prototype/application/node_modules as its parent node_modules
132 verbose linkBins bower@1.4.1
133 verbose link bins [ { bower: 'bin/bower' },
133 verbose link bins   '/Users/cbarendsen/nomas/marvel/marvel-prototype/application/node_modules/.bin',
133 verbose link bins   false ]
134 verbose linkMans bower@1.4.1
135 verbose rebuildBundles bower@1.4.1
136 verbose rebuildBundles [ '.bin',
136 verbose rebuildBundles   'abbrev',
136 verbose rebuildBundles   'archy',
136 verbose rebuildBundles   'bower-config',
136 verbose rebuildBundles   'bower-endpoint-parser',
136 verbose rebuildBundles   'bower-json',
136 verbose rebuildBundles   'bower-logger',
136 verbose rebuildBundles   'bower-registry-client',
136 verbose rebuildBundles   'cardinal',
136 verbose rebuildBundles   'chalk',
136 verbose rebuildBundles   'chmodr',
136 verbose rebuildBundles   'configstore',
136 verbose rebuildBundles   'decompress-zip',
136 verbose rebuildBundles   'fstream',
136 verbose rebuildBundles   'fstream-ignore',
136 verbose rebuildBundles   'github',
136 verbose rebuildBundles   'glob',
136 verbose rebuildBundles   'graceful-fs',
136 verbose rebuildBundles   'handlebars',
136 verbose rebuildBundles   'inquirer',
136 verbose rebuildBundles   'insight',
136 verbose rebuildBundles   'is-root',
136 verbose rebuildBundles   'junk',
136 verbose rebuildBundles   'lockfile',
136 verbose rebuildBundles   'lru-cache',
136 verbose rebuildBundles   'mkdirp',
136 verbose rebuildBundles   'mout',
136 verbose rebuildBundles   'nopt',
136 verbose rebuildBundles   'opn',
136 verbose rebuildBundles   'p-throttler',
136 verbose rebuildBundles   'promptly',
136 verbose rebuildBundles   'q',
136 verbose rebuildBundles   'request',
136 verbose rebuildBundles   'request-progress',
136 verbose rebuildBundles   'retry',
136 verbose rebuildBundles   'rimraf',
136 verbose rebuildBundles   'semver',
136 verbose rebuildBundles   'shell-quote',
136 verbose rebuildBundles   'stringify-object',
136 verbose rebuildBundles   'tar-fs',
136 verbose rebuildBundles   'tmp',
136 verbose rebuildBundles   'update-notifier',
136 verbose rebuildBundles   'user-home',
136 verbose rebuildBundles   'which' ]
137 silly gentlyRm /Users/cbarendsen/nomas/marvel/marvel-prototype/application/node_modules/.bin/bower is being purged
138 verbose gentlyRm don't care about contents; nuking /Users/cbarendsen/nomas/marvel/marvel-prototype/application/node_modules/.bin/bower
139 silly vacuum-fs purging /Users/cbarendsen/nomas/marvel/marvel-prototype/application/node_modules/.bin/bower
140 silly vacuum-fs quitting because other entries in /Users/cbarendsen/nomas/marvel/marvel-prototype/application/node_modules/.bin
141 info install bower@1.4.1
142 info postinstall bower@1.4.1
143 verbose rebuild bundle /Users/cbarendsen/nomas/marvel/marvel-prototype/application/node_modules/jasmine-core
144 info build /Users/cbarendsen/nomas/marvel/marvel-prototype/application/node_modules/jasmine-core
145 info preinstall jasmine-core@2.3.4
146 info linkStuff jasmine-core@2.3.4
147 silly linkStuff jasmine-core@2.3.4 has /Users/cbarendsen/nomas/marvel/marvel-prototype/application/node_modules as its parent node_modules
148 verbose linkBins jasmine-core@2.3.4
149 verbose linkMans jasmine-core@2.3.4
150 verbose rebuildBundles jasmine-core@2.3.4
151 info install jasmine-core@2.3.4
152 info postinstall jasmine-core@2.3.4
153 verbose rebuild bundle /Users/cbarendsen/nomas/marvel/marvel-prototype/application/node_modules/karma
154 info build /Users/cbarendsen/nomas/marvel/marvel-prototype/application/node_modules/karma
155 info preinstall karma@0.13.5
156 info linkStuff karma@0.13.5
157 silly linkStuff karma@0.13.5 has /Users/cbarendsen/nomas/marvel/marvel-prototype/application/node_modules as its parent node_modules
158 verbose linkBins karma@0.13.5
159 verbose link bins [ { karma: './bin/karma' },
159 verbose link bins   '/Users/cbarendsen/nomas/marvel/marvel-prototype/application/node_modules/.bin',
159 verbose link bins   false ]
160 verbose linkMans karma@0.13.5
161 verbose rebuildBundles karma@0.13.5
162 verbose rebuildBundles [ '.bin',
162 verbose rebuildBundles   'bluebird',
162 verbose rebuildBundles   'body-parser',
162 verbose rebuildBundles   'chokidar',
162 verbose rebuildBundles   'colors',
162 verbose rebuildBundles   'connect',
162 verbose rebuildBundles   'core-js',
162 verbose rebuildBundles   'di',
162 verbose rebuildBundles   'dom-serialize',
162 verbose rebuildBundles   'expand-braces',
162 verbose rebuildBundles   'glob',
162 verbose rebuildBundles   'graceful-fs',
162 verbose rebuildBundles   'http-proxy',
162 verbose rebuildBundles   'lodash',
162 verbose rebuildBundles   'log4js',
162 verbose rebuildBundles   'memoizee',
162 verbose rebuildBundles   'mime',
162 verbose rebuildBundles   'minimatch',
162 verbose rebuildBundles   'optimist',
162 verbose rebuildBundles   'rimraf',
162 verbose rebuildBundles   'socket.io',
162 verbose rebuildBundles   'source-map',
162 verbose rebuildBundles   'useragent' ]
163 silly gentlyRm /Users/cbarendsen/nomas/marvel/marvel-prototype/application/node_modules/.bin/karma is being purged
164 verbose gentlyRm don't care about contents; nuking /Users/cbarendsen/nomas/marvel/marvel-prototype/application/node_modules/.bin/karma
165 silly vacuum-fs purging /Users/cbarendsen/nomas/marvel/marvel-prototype/application/node_modules/.bin/karma
166 silly vacuum-fs quitting because other entries in /Users/cbarendsen/nomas/marvel/marvel-prototype/application/node_modules/.bin
167 info install karma@0.13.5
168 info postinstall karma@0.13.5
169 verbose rebuild bundle /Users/cbarendsen/nomas/marvel/marvel-prototype/application/node_modules/karma-jasmine
170 info build /Users/cbarendsen/nomas/marvel/marvel-prototype/application/node_modules/karma-jasmine
171 info preinstall karma-jasmine@0.3.6
172 info linkStuff karma-jasmine@0.3.6
173 silly linkStuff karma-jasmine@0.3.6 has /Users/cbarendsen/nomas/marvel/marvel-prototype/application/node_modules as its parent node_modules
174 verbose linkBins karma-jasmine@0.3.6
175 verbose linkMans karma-jasmine@0.3.6
176 verbose rebuildBundles karma-jasmine@0.3.6
177 info install karma-jasmine@0.3.6
178 info postinstall karma-jasmine@0.3.6
179 verbose rebuild bundle /Users/cbarendsen/nomas/marvel/marvel-prototype/application/node_modules/karma-ng-html2js-preprocessor
180 info build /Users/cbarendsen/nomas/marvel/marvel-prototype/application/node_modules/karma-ng-html2js-preprocessor
181 info preinstall karma-ng-html2js-preprocessor@0.1.2
182 info linkStuff karma-ng-html2js-preprocessor@0.1.2
183 silly linkStuff karma-ng-html2js-preprocessor@0.1.2 has /Users/cbarendsen/nomas/marvel/marvel-prototype/application/node_modules as its parent node_modules
184 verbose linkBins karma-ng-html2js-preprocessor@0.1.2
185 verbose linkMans karma-ng-html2js-preprocessor@0.1.2
186 verbose rebuildBundles karma-ng-html2js-preprocessor@0.1.2
187 info install karma-ng-html2js-preprocessor@0.1.2
188 info postinstall karma-ng-html2js-preprocessor@0.1.2
189 verbose rebuild bundle /Users/cbarendsen/nomas/marvel/marvel-prototype/application/node_modules/karma-ng-scenario
190 info build /Users/cbarendsen/nomas/marvel/marvel-prototype/application/node_modules/karma-ng-scenario
191 info preinstall karma-ng-scenario@0.1.0
192 info linkStuff karma-ng-scenario@0.1.0
193 silly linkStuff karma-ng-scenario@0.1.0 has /Users/cbarendsen/nomas/marvel/marvel-prototype/application/node_modules as its parent node_modules
194 verbose linkBins karma-ng-scenario@0.1.0
195 verbose linkMans karma-ng-scenario@0.1.0
196 verbose rebuildBundles karma-ng-scenario@0.1.0
197 info install karma-ng-scenario@0.1.0
198 info postinstall karma-ng-scenario@0.1.0
199 verbose rebuild bundle /Users/cbarendsen/nomas/marvel/marvel-prototype/application/node_modules/karma-phantomjs-launcher
200 info build /Users/cbarendsen/nomas/marvel/marvel-prototype/application/node_modules/karma-phantomjs-launcher
201 info preinstall karma-phantomjs-launcher@0.2.0
202 info linkStuff karma-phantomjs-launcher@0.2.0
203 silly linkStuff karma-phantomjs-launcher@0.2.0 has /Users/cbarendsen/nomas/marvel/marvel-prototype/application/node_modules as its parent node_modules
204 verbose linkBins karma-phantomjs-launcher@0.2.0
205 verbose linkMans karma-phantomjs-launcher@0.2.0
206 verbose rebuildBundles karma-phantomjs-launcher@0.2.0
207 verbose rebuildBundles [ 'lodash' ]
208 info install karma-phantomjs-launcher@0.2.0
209 info postinstall karma-phantomjs-launcher@0.2.0
210 verbose rebuild bundle /Users/cbarendsen/nomas/marvel/marvel-prototype/application/node_modules/karma-requirejs
211 info build /Users/cbarendsen/nomas/marvel/marvel-prototype/application/node_modules/karma-requirejs
212 info preinstall karma-requirejs@0.2.2
213 info linkStuff karma-requirejs@0.2.2
214 silly linkStuff karma-requirejs@0.2.2 has /Users/cbarendsen/nomas/marvel/marvel-prototype/application/node_modules as its parent node_modules
215 verbose linkBins karma-requirejs@0.2.2
216 verbose linkMans karma-requirejs@0.2.2
217 verbose rebuildBundles karma-requirejs@0.2.2
218 info install karma-requirejs@0.2.2
219 info postinstall karma-requirejs@0.2.2
220 verbose rebuild bundle /Users/cbarendsen/nomas/marvel/marvel-prototype/application/node_modules/phantomjs
221 info build /Users/cbarendsen/nomas/marvel/marvel-prototype/application/node_modules/phantomjs
222 info preinstall phantomjs@1.9.17
223 info linkStuff phantomjs@1.9.17
224 silly linkStuff phantomjs@1.9.17 has /Users/cbarendsen/nomas/marvel/marvel-prototype/application/node_modules as its parent node_modules
225 verbose linkBins phantomjs@1.9.17
226 verbose link bins [ { phantomjs: './bin/phantomjs' },
226 verbose link bins   '/Users/cbarendsen/nomas/marvel/marvel-prototype/application/node_modules/.bin',
226 verbose link bins   false ]
227 verbose linkMans phantomjs@1.9.17
228 verbose rebuildBundles phantomjs@1.9.17
229 verbose rebuildBundles [ '.bin',
229 verbose rebuildBundles   'adm-zip',
229 verbose rebuildBundles   'fs-extra',
229 verbose rebuildBundles   'kew',
229 verbose rebuildBundles   'npmconf',
229 verbose rebuildBundles   'progress',
229 verbose rebuildBundles   'request',
229 verbose rebuildBundles   'request-progress',
229 verbose rebuildBundles   'which' ]
230 silly gentlyRm /Users/cbarendsen/nomas/marvel/marvel-prototype/application/node_modules/.bin/phantomjs is being purged
231 verbose gentlyRm don't care about contents; nuking /Users/cbarendsen/nomas/marvel/marvel-prototype/application/node_modules/.bin/phantomjs
232 silly vacuum-fs purging /Users/cbarendsen/nomas/marvel/marvel-prototype/application/node_modules/.bin/phantomjs
233 silly vacuum-fs quitting because other entries in /Users/cbarendsen/nomas/marvel/marvel-prototype/application/node_modules/.bin
234 info install phantomjs@1.9.17
235 verbose unsafe-perm in lifecycle true
236 info postinstall phantomjs@1.9.17
237 verbose rebuild bundle /Users/cbarendsen/nomas/marvel/marvel-prototype/application/node_modules/requirejs
238 info build /Users/cbarendsen/nomas/marvel/marvel-prototype/application/node_modules/requirejs
239 info preinstall requirejs@2.1.20
240 info linkStuff requirejs@2.1.20
241 silly linkStuff requirejs@2.1.20 has /Users/cbarendsen/nomas/marvel/marvel-prototype/application/node_modules as its parent node_modules
242 verbose linkBins requirejs@2.1.20
243 verbose link bins [ { 'r.js': './bin/r.js' },
243 verbose link bins   '/Users/cbarendsen/nomas/marvel/marvel-prototype/application/node_modules/.bin',
243 verbose link bins   false ]
244 verbose linkMans requirejs@2.1.20
245 verbose rebuildBundles requirejs@2.1.20
246 silly gentlyRm /Users/cbarendsen/nomas/marvel/marvel-prototype/application/node_modules/.bin/r.js is being purged
247 verbose gentlyRm don't care about contents; nuking /Users/cbarendsen/nomas/marvel/marvel-prototype/application/node_modules/.bin/r.js
248 silly vacuum-fs purging /Users/cbarendsen/nomas/marvel/marvel-prototype/application/node_modules/.bin/r.js
249 silly vacuum-fs quitting because other entries in /Users/cbarendsen/nomas/marvel/marvel-prototype/application/node_modules/.bin
250 info install requirejs@2.1.20
251 info postinstall requirejs@2.1.20
252 info install app@
253 info postinstall app@
254 info prepublish app@
255 verbose validateInstall loading /Users/cbarendsen/nomas/marvel/marvel-prototype/application/package.json for validation
256 verbose stack Error: The package karma does not satisfy its siblings' peerDependencies requirements!
256 verbose stack     at /usr/local/lib/node_modules/npm/lib/install.js:125:32
256 verbose stack     at /usr/local/lib/node_modules/npm/lib/install.js:267:7
256 verbose stack     at /usr/local/lib/node_modules/npm/node_modules/read-installed/read-installed.js:138:5
256 verbose stack     at /usr/local/lib/node_modules/npm/node_modules/read-installed/read-installed.js:251:14
256 verbose stack     at cb (/usr/local/lib/node_modules/npm/node_modules/slide/lib/async-map.js:47:24)
256 verbose stack     at /usr/local/lib/node_modules/npm/node_modules/read-installed/read-installed.js:251:14
256 verbose stack     at cb (/usr/local/lib/node_modules/npm/node_modules/slide/lib/async-map.js:47:24)
256 verbose stack     at /usr/local/lib/node_modules/npm/node_modules/read-installed/read-installed.js:251:14
256 verbose stack     at cb (/usr/local/lib/node_modules/npm/node_modules/slide/lib/async-map.js:47:24)
256 verbose stack     at /usr/local/lib/node_modules/npm/node_modules/read-installed/read-installed.js:251:14
257 verbose cwd /Users/cbarendsen/nomas/marvel/marvel-prototype/application
258 error Darwin 13.4.0
259 error argv "/usr/local/bin/node" "/usr/local/bin/npm" "install"
260 error node v0.12.7
261 error npm  v2.11.3
262 error code EPEERINVALID
263 error peerinvalid The package karma does not satisfy its siblings' peerDependencies requirements!
263 error peerinvalid Peer karma-ng-html2js-preprocessor@0.1.2 wants karma@>=0.9
263 error peerinvalid Peer karma-ng-scenario@0.1.0 wants karma@>=0.9
263 error peerinvalid Peer karma-requirejs@0.2.2 wants karma@>=0.9
263 error peerinvalid Peer grunt-karma@0.10.1 wants karma@~0.12.0
263 error peerinvalid Peer karma-phantomjs-launcher@0.2.0 wants karma@>=0.9
264 verbose exit [ 1, true ]
